0 info it worked if it ends with ok
1 verbose cli [ 'C:\\Program Files\\nodejs\\node.exe',
1 verbose cli   'C:\\Program Files\\nodejs\\node_modules\\npm\\bin\\npm-cli.js',
1 verbose cli   'run',
1 verbose cli   'prod-migrate' ]
2 info using npm@3.10.10
3 info using node@v6.11.3
4 verbose run-script [ 'preprod-migrate', 'prod-migrate', 'postprod-migrate' ]
5 info lifecycle server@1.0.0~preprod-migrate: server@1.0.0
6 silly lifecycle server@1.0.0~preprod-migrate: no script for preprod-migrate, continuing
7 info lifecycle server@1.0.0~prod-migrate: server@1.0.0
8 verbose lifecycle server@1.0.0~prod-migrate: unsafe-perm in lifecycle true
9 verbose lifecycle server@1.0.0~prod-migrate: PATH: C:\Program Files\nodejs\node_modules\npm\bin\node-gyp-bin;C:\Users\PASCAL\WeConnect\node_modules\.bin;C:\Program Files\Git\mingw64\bin;C:\Program Files\Git\usr\bin;C:\Users\PASCAL\bin;C:\ProgramData\Oracle\Java\javapath;C:\Program Files (x86)\MiKTeX 2.9\miktex\bin;C:\Windows\system32;C:\Windows;C:\Windows\System32\Wbem;C:\Windows\System32\WindowsPowerShell\v1.0;C:\Program Files (x86)\MATLAB\R2009a\bin;C:\Program Files (x86)\MATLAB\R2009a\bin\win32;C:\Program Files (x86)\QuickTime\QTSystem;C:\Program Files (x86)\Microsoft SQL Server\Client SDK\ODBC\130\Tools\Binn;C:\Program Files (x86)\Microsoft SQL Server\140\Tools\Binn;C:\Program Files (x86)\Microsoft SQL Server\140\DTS\Binn;C:\Program Files (x86)\Microsoft SQL Server\140\Tools\Binn\ManagementStudio;C:\wamp\bin\php\php5.5.12;C:\ProgramData\ComposerSetup\bin;C:\wamp64\bin\php\php5.6.25;C:\Program Files\nodejs;C:\Program Files (x86)\Brackets\command;C:\Program Files\Git\cmd;C:\Program Files\PostgreSQL\9.6\bin;C:\Program Files (x86)\Java\jdk1.7.0_21\bin;C:\Users\PASCAL\AppData\Roaming\Composer\vendor\bin;C:\Users\PASCAL\AppData\Roaming\npm;C:\Program Files\Microsoft VS Code\bin;C:\Program Files\Heroku\bin
10 verbose lifecycle server@1.0.0~prod-migrate: CWD: C:\Users\PASCAL\WeConnect
11 silly lifecycle server@1.0.0~prod-migrate: Args: [ '/d /s /c',
11 silly lifecycle   'sequelize db:migrate:undo:all --env production && sequelize db:migrate --env production' ]
12 silly lifecycle server@1.0.0~prod-migrate: Returned: code: 1  signal: null
13 info lifecycle server@1.0.0~prod-migrate: Failed to exec prod-migrate script
14 verbose stack Error: server@1.0.0 prod-migrate: `sequelize db:migrate:undo:all --env production && sequelize db:migrate --env production`
14 verbose stack Exit status 1
14 verbose stack     at EventEmitter.<anonymous> (C:\Program Files\nodejs\node_modules\npm\lib\utils\lifecycle.js:255:16)
14 verbose stack     at emitTwo (events.js:106:13)
14 verbose stack     at EventEmitter.emit (events.js:191:7)
14 verbose stack     at ChildProcess.<anonymous> (C:\Program Files\nodejs\node_modules\npm\lib\utils\spawn.js:40:14)
14 verbose stack     at emitTwo (events.js:106:13)
14 verbose stack     at ChildProcess.emit (events.js:191:7)
14 verbose stack     at maybeClose (internal/child_process.js:920:16)
14 verbose stack     at Process.ChildProcess._handle.onexit (internal/child_process.js:230:5)
15 verbose pkgid server@1.0.0
16 verbose cwd C:\Users\PASCAL\WeConnect
17 error Windows_NT 6.1.7601
18 error argv "C:\\Program Files\\nodejs\\node.exe" "C:\\Program Files\\nodejs\\node_modules\\npm\\bin\\npm-cli.js" "run" "prod-migrate"
19 error node v6.11.3
20 error npm  v3.10.10
21 error code ELIFECYCLE
22 error server@1.0.0 prod-migrate: `sequelize db:migrate:undo:all --env production && sequelize db:migrate --env production`
22 error Exit status 1
23 error Failed at the server@1.0.0 prod-migrate script 'sequelize db:migrate:undo:all --env production && sequelize db:migrate --env production'.
23 error Make sure you have the latest version of node.js and npm installed.
23 error If you do, this is most likely a problem with the server package,
23 error not with npm itself.
23 error Tell the author that this fails on your system:
23 error     sequelize db:migrate:undo:all --env production && sequelize db:migrate --env production
23 error You can get information on how to open an issue for this project with:
23 error     npm bugs server
23 error Or if that isn't available, you can get their info via:
23 error     npm owner ls server
23 error There is likely additional logging output above.
24 verbose exit [ 1, true ]
